2019-12-22 12:26:59Z	G2_method4 G2(6) search started.
2019-12-22 12:26:59Z	{gaplen:9,R_rook:{2,3,5,1,},R_n:{-1,2,-2,-4,}}
2019-12-22 12:26:59Z	{gaplen:9,R_rook:{2,3,2,6,},R_n:{-1,0,3,1,}}
2019-12-22 12:26:59Z	{gaplen:13,R_rook:{2,3,5,4,},R_n:{-1,0,3,1,}}, new record
2019-12-22 12:26:59Z	{gaplen:13,R_rook:{2,3,4,4,},R_n:{-1,-1,1,-5,}}
2019-12-22 12:26:59Z	{gaplen:13,R_rook:{2,3,2,2,},R_n:{-1,0,-4,6,}}
2019-12-22 12:26:59Z	{gaplen:13,R_rook:{2,3,2,6,},R_n:{-1,-2,1,-2,}}
2019-12-22 12:26:59Z	{gaplen:13,R_rook:{2,3,1,5,},R_n:{-1,-1,5,0,}}
2019-12-22 12:26:59Z	{gaplen:14,R_rook:{2,3,4,6,},R_n:{-1,0,-2,2,}}, new record
2019-12-22 12:26:59Z	{gaplen:15,R_rook:{2,3,5,4,},R_n:{0,1,4,-3,}}, new record
2019-12-22 12:26:59Z	{gaplen:15,R_rook:{2,3,2,4,},R_n:{0,1,-3,5,}}
2019-12-22 12:26:59Z	{gaplen:15,R_rook:{2,3,4,2,},R_n:{0,1,2,-1,}}
2019-12-22 12:26:59Z	{gaplen:15,R_rook:{2,1,5,2,},R_n:{0,3,0,-1,}}
2019-12-22 12:26:59Z	{gaplen:15,R_rook:{2,1,3,4,},R_n:{0,-2,2,5,}}
2019-12-22 12:26:59Z	{gaplen:15,R_rook:{2,1,2,2,},R_n:{0,-2,-4,-1,}}
2019-12-22 12:26:59Z	{gaplen:17,R_rook:{1,2,4,2,},R_n:{2,0,0,-1,}}, new record
2019-12-22 12:26:59Z	{gaplen:17,R_rook:{1,2,3,3,},R_n:{0,3,-1,0,}}
2019-12-22 12:26:59Z	{gaplen:17,R_rook:{1,2,5,5,},R_n:{0,3,-3,2,}}
2019-12-22 12:26:59Z	{gaplen:18,R_rook:{1,1,4,4,},R_n:{-2,2,-2,2,}}, new record
2019-12-22 12:26:59Z	{gaplen:18,R_rook:{1,1,3,4,},R_n:{0,-3,5,-2,}}
2019-12-22 12:26:59Z	{gaplen:20,R_rook:{1,1,3,3,},R_n:{0,-3,-1,5,}}, new record
2019-12-22 12:26:59Z	{gaplen:25,R_rook:{1,1,5,1,},R_n:{-2,-3,-5,-6,}}, new record, cross p#/2
2019-12-22 12:26:59Z	successful ended, G2(6)/6=25, time cost=0.0 second
