2019-12-23 11:47:18Z	Search started G2_method4(7).
2019-12-23 11:47:19Z	{gaplen:13,R_rook:{2,3,5,2,8,},R_n:{-1,0,3,1,-3,}}, new record
2019-12-23 11:47:19Z	{gaplen:13,R_rook:{2,3,5,3,8,},R_n:{-1,0,3,1,-3,}}
2019-12-23 11:47:19Z	{gaplen:13,R_rook:{2,3,5,4,8,},R_n:{-1,0,3,1,-3,}}
2019-12-23 11:47:19Z	{gaplen:13,R_rook:{2,3,5,5,8,},R_n:{-1,0,3,1,-3,}}
2019-12-23 11:47:19Z	{gaplen:13,R_rook:{2,3,5,6,8,},R_n:{-1,0,3,1,-3,}}
2019-12-23 11:47:19Z	{gaplen:13,R_rook:{2,3,5,4,5,},R_n:{-1,0,3,1,-3,}}
2019-12-23 11:47:19Z	{gaplen:13,R_rook:{2,3,5,4,4,},R_n:{-1,0,3,1,-3,}}
2019-12-23 11:47:19Z	{gaplen:14,R_rook:{2,3,5,4,1,},R_n:{-1,0,3,1,-3,}}, new record
2019-12-23 11:47:19Z	{gaplen:15,R_rook:{2,3,5,1,8,},R_n:{0,1,4,2,-2,}}, new record
2019-12-23 11:47:19Z	{gaplen:18,R_rook:{2,3,5,1,7,},R_n:{-1,-2,-1,2,3,}}, new record
2019-12-23 11:47:19Z	{gaplen:20,R_rook:{2,3,5,3,8,},R_n:{-1,1,-3,5,1,}}, new record
2019-12-23 11:47:19Z	{gaplen:20,R_rook:{2,3,5,5,2,},R_n:{0,0,-1,1,-1,}}
2019-12-23 11:47:19Z	{gaplen:20,R_rook:{2,3,5,4,3,},R_n:{0,-1,-2,-3,8,}}
2019-12-23 11:47:19Z	{gaplen:21,R_rook:{2,3,5,2,1,},R_n:{1,-2,0,-4,-6,}}, new record
2019-12-23 11:47:19Z	{gaplen:23,R_rook:{2,3,5,5,8,},R_n:{-1,2,-2,0,1,}}, new record
2019-12-23 11:47:19Z	{gaplen:24,R_rook:{2,3,5,6,5,},R_n:{-1,2,-2,3,-4,}}, new record
2019-12-23 11:47:19Z	{gaplen:24,R_rook:{2,3,5,1,4,},R_n:{0,1,4,2,2,}}
2019-12-23 11:47:19Z	{gaplen:24,R_rook:{2,3,5,4,8,},R_n:{0,1,4,-3,7,}}
2019-12-23 11:47:20Z	{gaplen:24,R_rook:{2,3,3,4,6,},R_n:{-1,1,-5,6,2,}}
2019-12-23 11:47:20Z	{gaplen:24,R_rook:{2,3,3,1,1,},R_n:{-1,1,-5,-4,-3,}}
2019-12-23 11:47:20Z	{gaplen:25,R_rook:{2,3,3,5,5,},R_n:{-2,-3,-5,-6,-8,}}, new record, cross p#/2
2019-12-23 11:47:21Z	{gaplen:25,R_rook:{2,3,2,2,5,},R_n:{1,-2,-3,-4,0,}}
2019-12-23 11:47:21Z	{gaplen:26,R_rook:{2,3,2,4,3,},R_n:{1,-2,-3,3,8,}}, new record
2019-12-23 11:47:27Z	{gaplen:27,R_rook:{1,3,5,6,5,},R_n:{2,-1,-2,0,0,}}, new record
2019-12-23 11:47:28Z	{gaplen:27,R_rook:{1,3,5,4,7,},R_n:{2,-1,-2,3,-5,}}
2019-12-23 11:47:29Z	{gaplen:27,R_rook:{1,3,2,4,4,},R_n:{0,0,-1,-2,-8,}}
2019-12-23 11:47:30Z	{gaplen:32,R_rook:{1,2,5,5,8,},R_n:{2,3,-3,-1,1,}}, new record
2019-12-23 11:47:30Z	paused.
2019-12-23 11:48:23Z	resumed.
2019-12-23 11:48:25Z	{gaplen:32,R_rook:{1,2,3,1,7,},R_n:{2,3,-5,3,0,}}
2019-12-23 11:48:29Z	Search ended, G2(7)/6=32, time cost=18.0 seconds
