2019-12-23 01:01:05Z	G2_method4 G2(9) search started.
2019-12-23 01:01:06Z	{gaplen:15,R_rook:{2,3,5,6,8,5,1,},R_n:{0,1,4,2,-2,-4,-8,}}
2019-12-23 01:01:06Z	{gaplen:15,R_rook:{2,3,5,6,8,1,9,},R_n:{0,1,4,2,-2,-4,-8,}}
2019-12-23 01:01:06Z	{gaplen:20,R_rook:{2,3,5,6,8,4,9,},R_n:{1,0,-1,-5,4,2,-2,}}, new record
2019-12-23 01:01:06Z	{gaplen:20,R_rook:{2,3,5,6,8,5,8,},R_n:{1,0,-1,-5,4,2,-2,}}
2019-12-23 01:01:06Z	{gaplen:20,R_rook:{2,3,5,6,8,4,1,},R_n:{-1,1,-3,5,1,-8,9,}}
2019-12-23 01:01:06Z	{gaplen:20,R_rook:{2,3,5,6,8,3,6,},R_n:{-1,1,-3,5,1,-8,9,}}
2019-12-23 01:01:06Z	{gaplen:20,R_rook:{2,3,5,6,8,8,1,},R_n:{-1,-1,2,-3,6,-3,-9,}}
2019-12-23 01:01:06Z	{gaplen:21,R_rook:{2,3,5,6,8,3,9,},R_n:{0,0,3,-2,7,-2,-8,}}, new record
2019-12-23 01:01:06Z	{gaplen:21,R_rook:{2,3,5,6,8,8,4,},R_n:{1,1,-1,0,-6,9,6,}}
2019-12-23 01:01:06Z	{gaplen:26,R_rook:{2,3,5,6,8,4,4,},R_n:{0,0,0,-5,-6,5,-6,}}, new record
2019-12-23 01:01:06Z	{gaplen:26,R_rook:{2,3,5,6,8,3,8,},R_n:{0,0,0,-5,-6,5,-6,}}
2019-12-23 01:01:06Z	{gaplen:29,R_rook:{2,3,5,6,8,5,5,},R_n:{0,-1,-2,2,-3,6,-9,}}, new record
2019-12-23 01:01:06Z	{gaplen:30,R_rook:{2,3,5,6,8,7,10,},R_n:{0,1,0,-5,-5,-2,-4,}}, new record
2019-12-23 01:01:06Z	{gaplen:33,R_rook:{2,3,5,6,8,9,10,},R_n:{-1,-2,-3,-1,-5,1,-5,}}, new record
2019-12-23 01:01:06Z	{gaplen:34,R_rook:{2,3,5,6,8,8,8,},R_n:{-1,-2,-3,-1,-5,1,-5,}}, new record
2019-12-23 01:01:06Z	{gaplen:34,R_rook:{2,3,5,6,8,5,11,},R_n:{-1,-2,-3,-1,2,9,9,}}
2019-12-23 01:01:06Z	{gaplen:34,R_rook:{2,3,5,6,8,8,10,},R_n:{0,1,4,-3,6,-2,-9,}}
2019-12-23 01:01:06Z	{gaplen:34,R_rook:{2,3,5,6,8,5,6,},R_n:{-1,-2,-3,0,-4,4,-7,}}
2019-12-23 01:01:06Z	{gaplen:34,R_rook:{2,3,5,6,8,3,10,},R_n:{0,-2,-2,-1,-5,8,-3,}}
2019-12-23 01:01:06Z	{gaplen:34,R_rook:{2,3,5,6,8,9,2,},R_n:{0,-1,-2,-1,-4,1,-1,}}
2019-12-23 01:01:06Z	{gaplen:34,R_rook:{2,3,5,6,8,4,10,},R_n:{0,-2,-2,-1,2,-3,11,}}
2019-12-23 01:01:06Z	{gaplen:34,R_rook:{2,3,5,6,8,8,8,},R_n:{0,-1,-2,-1,3,9,-10,}}
2019-12-23 01:01:06Z	{gaplen:40,R_rook:{2,3,5,6,8,9,6,},R_n:{1,-2,4,-2,2,-3,-5,}}, new record
2019-12-23 01:01:08Z	{gaplen:41,R_rook:{2,3,5,6,8,5,4,},R_n:{0,-1,-2,2,-3,-4,-8,}}, new record
2019-12-23 01:01:10Z	{gaplen:42,R_rook:{2,3,5,6,8,9,9,},R_n:{1,0,-1,0,-7,-7,-2,}}, new record
2019-12-23 01:01:26Z	{gaplen:43,R_rook:{2,3,5,6,8,9,4,},R_n:{-1,1,-3,1,-2,0,11,}}, new record
2019-12-23 01:01:48Z	{gaplen:43,R_rook:{2,3,5,6,8,9,4,},R_n:{-1,1,-3,1,-3,0,11,}}
2019-12-23 01:02:07Z	{gaplen:43,R_rook:{2,3,5,6,8,1,1,},R_n:{-1,1,-4,-5,-5,9,8,}}
2019-12-23 01:02:31Z	{gaplen:43,R_rook:{2,3,5,6,8,9,11,},R_n:{-1,0,3,-4,-3,5,1,}}
2019-12-23 01:02:44Z	{gaplen:43,R_rook:{2,3,5,6,8,7,9,},R_n:{-1,1,-3,1,4,-3,1,}}
2019-12-23 01:03:27Z	{gaplen:44,R_rook:{2,3,5,6,8,9,4,},R_n:{0,2,-2,2,6,1,-3,}}, new record
2019-12-23 01:03:32Z	{gaplen:45,R_rook:{2,3,5,6,8,9,8,},R_n:{1,1,4,-5,-3,7,-1,}}, new record
2019-12-23 01:06:09Z	{gaplen:50,R_rook:{2,3,5,6,7,9,4,},R_n:{1,1,4,-5,-4,7,3,}}, new record
2019-12-23 02:21:41Z	{gaplen:50,R_rook:{2,3,5,4,2,1,9,},R_n:{-1,1,-4,-1,-5,-9,6,}}
2019-12-23 03:11:36Z	{gaplen:50,R_rook:{2,3,5,2,2,9,4,},R_n:{0,1,3,-1,-8,6,2,}}
2019-12-23 03:13:25Z	{gaplen:50,R_rook:{2,3,5,2,1,9,10,},R_n:{0,1,3,-5,-4,6,11,}}
2019-12-23 04:31:28Z	{gaplen:50,R_rook:{2,3,4,4,8,4,4,},R_n:{0,0,1,5,-6,-8,2,}}
2019-12-23 04:38:28Z	{gaplen:50,R_rook:{2,3,4,4,5,7,4,},R_n:{0,1,5,6,2,4,2,}}
2019-12-23 04:45:29Z	{gaplen:50,R_rook:{2,3,4,4,3,1,4,},R_n:{0,1,5,6,-7,-4,2,}}
2019-12-23 05:03:13Z	{gaplen:50,R_rook:{2,3,4,3,5,9,4,},R_n:{0,1,5,-6,2,6,2,}}
2019-12-23 05:07:51Z	{gaplen:50,R_rook:{2,3,4,3,4,1,4,},R_n:{0,1,5,-6,-6,-4,2,}}
2019-12-23 05:30:33Z	{gaplen:50,R_rook:{2,3,4,2,4,7,4,},R_n:{0,0,1,-1,5,8,2,}}
2019-12-23 05:34:12Z	{gaplen:50,R_rook:{2,3,4,2,3,9,4,},R_n:{0,0,1,-1,6,6,2,}}
2019-12-23 06:47:15Z	{gaplen:50,R_rook:{2,3,3,5,3,2,6,},R_n:{0,1,-5,-2,4,-6,4,}}
2019-12-23 07:22:55Z	{gaplen:50,R_rook:{2,3,3,3,8,7,9,},R_n:{0,1,-5,5,2,4,-8,}}
2019-12-23 08:05:33Z	{gaplen:50,R_rook:{2,3,3,2,2,3,10,},R_n:{1,2,-4,5,-1,-5,-11,}}
