2019-12-18 13:19:29Z	G2_method4 G2(5) search started.
2019-12-18 13:19:30Z	{gaplen:1,R_rook:{2,2,4,},R_n:{1,1,1,}}, new record
2019-12-18 13:19:30Z	{gaplen:1,R_rook:{2,2,3,},R_n:{1,1,1,}}
2019-12-18 13:19:30Z	{gaplen:1,R_rook:{2,2,2,},R_n:{1,1,1,}}
2019-12-18 13:19:30Z	{gaplen:1,R_rook:{2,3,5,},R_n:{1,1,1,}}
2019-12-18 13:19:30Z	{gaplen:1,R_rook:{2,2,5,},R_n:{1,1,1,}}
2019-12-18 13:19:30Z	{gaplen:1,R_rook:{2,3,3,},R_n:{1,1,1,}}
2019-12-18 13:19:30Z	{gaplen:1,R_rook:{2,3,2,},R_n:{1,1,1,}}
2019-12-18 13:19:30Z	{gaplen:1,R_rook:{2,3,4,},R_n:{1,1,1,}}
2019-12-18 13:19:30Z	{gaplen:4,R_rook:{2,1,3,},R_n:{-1,-3,4,}}, new record
2019-12-18 13:19:30Z	{gaplen:4,R_rook:{2,1,2,},R_n:{-1,-3,4,}}
2019-12-18 13:19:30Z	{gaplen:4,R_rook:{2,1,1,},R_n:{-1,-3,4,}}
2019-12-18 13:19:30Z	{gaplen:4,R_rook:{2,2,1,},R_n:{-1,-3,4,}}
2019-12-18 13:19:30Z	{gaplen:4,R_rook:{2,1,5,},R_n:{-1,-3,4,}}
2019-12-18 13:19:30Z	{gaplen:4,R_rook:{2,3,3,},R_n:{0,-2,5,}}
2019-12-18 13:19:30Z	{gaplen:5,R_rook:{2,3,1,},R_n:{0,-2,5,}}, new record
2019-12-18 13:19:30Z	{gaplen:5,R_rook:{2,1,4,},R_n:{0,-2,5,}}
2019-12-18 13:19:30Z	{gaplen:5,R_rook:{2,2,4,},R_n:{1,-1,-5,}}
2019-12-18 13:19:30Z	{gaplen:8,R_rook:{2,3,5,},R_n:{-1,2,-2,}}, new record
2019-12-18 13:19:30Z	{gaplen:8,R_rook:{2,3,2,},R_n:{-1,0,3,}}
2019-12-18 13:19:30Z	{gaplen:9,R_rook:{2,3,4,},R_n:{0,2,-3,}}, new record
2019-12-18 13:19:30Z	{gaplen:9,R_rook:{2,1,2,},R_n:{-1,-3,-5,}}
2019-12-18 13:19:30Z	{gaplen:9,R_rook:{2,2,5,},R_n:{0,-1,0,}}
2019-12-18 13:19:30Z	{gaplen:9,R_rook:{2,3,3,},R_n:{-1,1,0,}}
2019-12-18 13:19:30Z	{gaplen:9,R_rook:{2,2,1,},R_n:{0,3,5,}}
2019-12-18 13:19:30Z	{gaplen:9,R_rook:{2,1,5,},R_n:{0,0,-1,}}
2019-12-18 13:19:30Z	{gaplen:10,R_rook:{1,1,1,},R_n:{2,3,-5,}}, new record
2019-12-18 13:19:30Z	{gaplen:10,R_rook:{1,2,4,},R_n:{2,0,0,}}
2019-12-18 13:19:30Z	{gaplen:11,R_rook:{1,1,5,},R_n:{-2,-3,-5,}}, new record, cross p#/2
2019-12-18 13:19:30Z	successful ended, G2()/6=11.
