2019-12-23 00:27:00Z	G2_method4 G2(8) search started.
2019-12-23 00:27:01Z	{gaplen:14,R_rook:{2,3,5,6,1,9,},R_n:{-1,0,3,1,-3,-5,}}, new record
2019-12-23 00:27:01Z	{gaplen:14,R_rook:{2,3,5,6,8,1,},R_n:{-1,0,3,1,-3,-5,}}
2019-12-23 00:27:01Z	{gaplen:14,R_rook:{2,3,5,6,8,5,},R_n:{0,1,4,2,-2,-4,}}
2019-12-23 00:27:01Z	{gaplen:14,R_rook:{2,3,5,6,3,9,},R_n:{0,1,4,2,-2,-4,}}
2019-12-23 00:27:01Z	{gaplen:14,R_rook:{2,3,5,6,8,2,},R_n:{-1,1,-4,3,-5,-9,}}
2019-12-23 00:27:01Z	{gaplen:14,R_rook:{2,3,5,6,4,7,},R_n:{-1,1,-4,3,-5,-9,}}
2019-12-23 00:27:01Z	{gaplen:16,R_rook:{2,3,5,6,7,2,},R_n:{1,2,-4,-1,0,-6,}}, new record
2019-12-23 00:27:01Z	{gaplen:19,R_rook:{2,3,5,6,5,8,},R_n:{-1,0,-2,2,0,5,}}, new record
2019-12-23 00:27:01Z	{gaplen:19,R_rook:{2,3,5,6,4,2,},R_n:{0,-2,4,-2,-7,9,}}
2019-12-23 00:27:01Z	{gaplen:20,R_rook:{2,3,5,6,6,7,},R_n:{1,-2,0,3,1,-1,}}, new record
2019-12-23 00:27:01Z	{gaplen:21,R_rook:{2,3,5,6,8,4,},R_n:{0,0,0,-5,-6,5,}}, new record
2019-12-23 00:27:01Z	{gaplen:21,R_rook:{2,3,5,6,2,5,},R_n:{1,1,1,-4,-5,6,}}
2019-12-23 00:27:01Z	{gaplen:23,R_rook:{2,3,5,6,5,5,},R_n:{-1,0,3,-4,8,0,}}, new record
2019-12-23 00:27:01Z	{gaplen:23,R_rook:{2,3,5,6,6,9,},R_n:{-1,2,-2,-1,-3,0,}}
2019-12-23 00:27:01Z	{gaplen:23,R_rook:{2,3,5,6,4,2,},R_n:{-1,1,3,-4,-8,-7,}}
2019-12-23 00:27:01Z	{gaplen:23,R_rook:{2,3,5,6,7,7,},R_n:{-1,2,4,-5,-6,-4,}}
2019-12-23 00:27:01Z	{gaplen:23,R_rook:{2,3,5,6,8,8,},R_n:{-1,2,-2,2,2,-9,}}
2019-12-23 00:27:01Z	{gaplen:28,R_rook:{2,3,5,6,8,9,},R_n:{-1,-2,-3,-1,-5,1,}}, new record
2019-12-23 00:27:01Z	{gaplen:28,R_rook:{2,3,5,6,7,7,},R_n:{-1,1,-3,1,-1,3,}}
2019-12-23 00:27:01Z	{gaplen:29,R_rook:{2,3,5,6,5,8,},R_n:{-1,2,-2,3,6,-3,}}, new record
2019-12-23 00:27:01Z	{gaplen:29,R_rook:{2,3,5,6,5,3,},R_n:{0,-1,-2,-1,-1,4,}}
2019-12-23 00:27:01Z	{gaplen:29,R_rook:{2,3,5,6,8,8,},R_n:{0,1,4,-5,-2,5,}}
2019-12-23 00:27:01Z	{gaplen:29,R_rook:{2,3,5,6,5,5,},R_n:{-1,0,3,-5,1,-9,}}
2019-12-23 00:27:01Z	{gaplen:29,R_rook:{2,3,5,6,5,9,},R_n:{-1,-1,-2,-1,8,-1,}}
2019-12-23 00:27:01Z	{gaplen:29,R_rook:{2,3,5,6,3,5,},R_n:{-1,0,3,-5,8,-1,}}
2019-12-23 00:27:01Z	{gaplen:30,R_rook:{2,3,5,6,6,9,},R_n:{1,1,1,-4,-1,-8,}}, new record
2019-12-23 00:27:01Z	{gaplen:30,R_rook:{2,3,5,6,3,1,},R_n:{1,1,1,-4,7,2,}}
2019-12-23 00:27:02Z	{gaplen:30,R_rook:{2,3,5,6,6,5,},R_n:{0,1,4,-5,1,-8,}}
2019-12-23 00:27:02Z	{gaplen:33,R_rook:{2,3,5,6,8,8,},R_n:{-1,-2,-3,-1,2,-7,}}, new record
2019-12-23 00:27:03Z	{gaplen:33,R_rook:{2,3,5,6,4,3,},R_n:{-1,0,3,-5,-8,7,}}
2019-12-23 00:27:04Z	{gaplen:33,R_rook:{2,3,5,6,5,5,},R_n:{-1,-2,-3,-1,-1,-4,}}
2019-12-23 00:27:04Z	{gaplen:34,R_rook:{2,3,5,6,4,5,},R_n:{0,-1,-2,-1,8,6,}}, new record
2019-12-23 00:27:08Z	{gaplen:34,R_rook:{2,3,5,6,8,9,},R_n:{0,-1,-2,-1,3,-8,}}
2019-12-23 00:27:09Z	{gaplen:34,R_rook:{2,3,5,6,5,5,},R_n:{-1,0,3,-4,1,0,}}
2019-12-23 00:27:10Z	{gaplen:34,R_rook:{2,3,5,5,5,2,},R_n:{0,-1,-2,-2,-1,3,}}
2019-12-23 00:27:12Z	{gaplen:34,R_rook:{2,3,5,5,8,5,},R_n:{0,-1,-2,-2,-4,6,}}
2019-12-23 00:27:15Z	{gaplen:34,R_rook:{2,3,5,5,3,9,},R_n:{0,-1,-2,-2,8,-8,}}
2019-12-23 00:27:20Z	{gaplen:34,R_rook:{2,3,5,4,4,2,},R_n:{0,-1,-2,2,8,3,}}
2019-12-23 00:27:25Z	{gaplen:34,R_rook:{2,3,5,4,5,9,},R_n:{0,-1,-2,2,0,-8,}}
2019-12-23 00:27:27Z	{gaplen:34,R_rook:{2,3,5,4,8,5,},R_n:{-1,0,3,6,4,0,}}
2019-12-23 00:27:49Z	{gaplen:35,R_rook:{2,3,5,1,3,5,},R_n:{0,1,4,2,-7,1,}}, new record
2019-12-23 00:27:52Z	{gaplen:35,R_rook:{2,3,5,1,8,2,},R_n:{0,-1,-2,-6,3,3,}}
2019-12-23 00:27:54Z	{gaplen:35,R_rook:{2,3,5,1,5,5,},R_n:{0,-1,-2,-6,0,6,}}
2019-12-23 00:28:58Z	{gaplen:35,R_rook:{2,3,3,5,1,3,},R_n:{1,-2,2,-1,-7,9,}}
2019-12-23 00:29:15Z	{gaplen:38,R_rook:{2,3,3,3,3,3,},R_n:{-1,1,5,0,0,-7,}}, new record
2019-12-23 00:29:25Z	{gaplen:38,R_rook:{2,3,3,2,4,3,},R_n:{-1,1,5,-1,-1,-7,}}
2019-12-23 00:31:55Z	{gaplen:39,R_rook:{2,2,5,3,8,4,},R_n:{-1,0,-3,5,-5,-5,}}, new record
2019-12-23 00:31:56Z	{gaplen:43,R_rook:{2,2,5,3,7,5,},R_n:{-1,0,-3,5,-6,-4,}}, new record
2019-12-23 00:53:56Z	successful ended, G2(8)/6=43, time cost=1616.0 second
